{"/home/jackpearsall/Projects/cruise-ships/src/Itinerary.js": {"path":"/home/jackpearsall/Projects/cruise-ships/src/Itinerary.js","statementMap":{"0":{"start":{"line":2,"column":2},"end":{"line":2,"column":20}},"1":{"start":{"line":5,"column":0},"end":{"line":5,"column":27}}},"fnMap":{"0":{"name":"Itinerary","decl":{"start":{"line":1,"column":9},"end":{"line":1,"column":18}},"loc":{"start":{"line":1,"column":25},"end":{"line":3,"column":1}},"line":1}},"branchMap":{},"s":{"0":5,"1":1},"f":{"0":5},"b":{},"_coverageSchema":"43e27e138ebf9cfc5966b082cf9a028302ed4184","hash":"9ded935a85605fcb0c1735ef0d1b315d5e44709b"}
,"/home/jackpearsall/Projects/cruise-ships/src/Port.js": {"path":"/home/jackpearsall/Projects/cruise-ships/src/Port.js","statementMap":{"0":{"start":{"line":2,"column":2},"end":{"line":2,"column":19}},"1":{"start":{"line":3,"column":2},"end":{"line":3,"column":18}},"2":{"start":{"line":6,"column":0},"end":{"line":8,"column":2}},"3":{"start":{"line":7,"column":2},"end":{"line":7,"column":24}},"4":{"start":{"line":10,"column":0},"end":{"line":13,"column":2}},"5":{"start":{"line":11,"column":20},"end":{"line":11,"column":52}},"6":{"start":{"line":12,"column":2},"end":{"line":12,"column":34}},"7":{"start":{"line":15,"column":0},"end":{"line":15,"column":22}}},"fnMap":{"0":{"name":"Port","decl":{"start":{"line":1,"column":9},"end":{"line":1,"column":13}},"loc":{"start":{"line":1,"column":20},"end":{"line":4,"column":1}},"line":1},"1":{"name":"addShip","decl":{"start":{"line":6,"column":34},"end":{"line":6,"column":41}},"loc":{"start":{"line":6,"column":48},"end":{"line":8,"column":1}},"line":6},"2":{"name":"removeShip","decl":{"start":{"line":10,"column":37},"end":{"line":10,"column":47}},"loc":{"start":{"line":10,"column":62},"end":{"line":13,"column":1}},"line":10}},"branchMap":{},"s":{"0":14,"1":14,"2":2,"3":12,"4":2,"5":4,"6":4,"7":2},"f":{"0":14,"1":12,"2":4},"b":{},"_coverageSchema":"43e27e138ebf9cfc5966b082cf9a028302ed4184","hash":"f7d36b28996cfadc0dfa09b4768908251352cd0c"}
,"/home/jackpearsall/Projects/cruise-ships/src/Ship.js": {"path":"/home/jackpearsall/Projects/cruise-ships/src/Ship.js","statementMap":{"0":{"start":{"line":2,"column":2},"end":{"line":2,"column":29}},"1":{"start":{"line":3,"column":2},"end":{"line":3,"column":40}},"2":{"start":{"line":4,"column":2},"end":{"line":4,"column":27}},"3":{"start":{"line":5,"column":2},"end":{"line":5,"column":33}},"4":{"start":{"line":8,"column":0},"end":{"line":12,"column":2}},"5":{"start":{"line":9,"column":2},"end":{"line":9,"column":39}},"6":{"start":{"line":10,"column":2},"end":{"line":10,"column":26}},"7":{"start":{"line":11,"column":2},"end":{"line":11,"column":37}},"8":{"start":{"line":14,"column":0},"end":{"line":19,"column":2}},"9":{"start":{"line":15,"column":20},"end":{"line":15,"column":34}},"10":{"start":{"line":16,"column":28},"end":{"line":16,"column":70}},"11":{"start":{"line":17,"column":2},"end":{"line":17,"column":60}},"12":{"start":{"line":18,"column":2},"end":{"line":18,"column":33}},"13":{"start":{"line":21,"column":0},"end":{"line":21,"column":22}}},"fnMap":{"0":{"name":"Ship","decl":{"start":{"line":1,"column":9},"end":{"line":1,"column":13}},"loc":{"start":{"line":1,"column":25},"end":{"line":6,"column":1}},"line":1},"1":{"name":"setSail","decl":{"start":{"line":8,"column":34},"end":{"line":8,"column":41}},"loc":{"start":{"line":8,"column":44},"end":{"line":12,"column":1}},"line":8},"2":{"name":"dock","decl":{"start":{"line":14,"column":31},"end":{"line":14,"column":35}},"loc":{"start":{"line":14,"column":38},"end":{"line":19,"column":1}},"line":14}},"branchMap":{},"s":{"0":6,"1":6,"2":6,"3":6,"4":1,"5":2,"6":2,"7":2,"8":1,"9":1,"10":1,"11":1,"12":1,"13":1},"f":{"0":6,"1":2,"2":1},"b":{},"_coverageSchema":"43e27e138ebf9cfc5966b082cf9a028302ed4184","hash":"87eacf73005a9908646f47a5974c8d5ce6f0db86"}
}
