TN:
SF:/home/jackpearsall/Projects/cruise-ships/src/Itinerary.js
FN:1,Itinerary
FNF:1
FNH:1
FNDA:5,Itinerary
DA:2,5
DA:5,1
LF:2
LH:2
BRF:0
BRH:0
end_of_record
TN:
SF:/home/jackpearsall/Projects/cruise-ships/src/Port.js
FN:1,Port
FN:6,addShip
FN:10,removeShip
FNF:3
FNH:3
FNDA:14,Port
FNDA:12,addShip
FNDA:4,removeShip
DA:2,14
DA:3,14
DA:6,2
DA:7,12
DA:10,2
DA:11,4
DA:12,4
DA:15,2
LF:8
LH:8
BRF:0
BRH:0
end_of_record
TN:
SF:/home/jackpearsall/Projects/cruise-ships/src/Ship.js
FN:1,Ship
FN:8,setSail
FN:14,dock
FNF:3
FNH:3
FNDA:6,Ship
FNDA:2,setSail
FNDA:1,dock
DA:2,6
DA:3,6
DA:4,6
DA:5,6
DA:8,1
DA:9,2
DA:10,2
DA:11,2
DA:14,1
DA:15,1
DA:16,1
DA:17,1
DA:18,1
DA:21,1
LF:14
LH:14
BRF:0
BRH:0
end_of_record
